{
  "RSpec": {
    "coverage": {
      "/Users/holgertidemand/Projects/BootCamp/week_one/ATM_pairPro/spec/account_spec.rb": [
        1,
        1,
        null,
        1,
        6,
        6,
        null,
        1,
        1,
        null,
        null,
        1,
        1,
        1,
        1,
        null,
        null,
        1,
        1,
        null,
        1,
        null,
        null,
        1,
        1,
        null,
        null,
        1,
        null,
        null,
        null,
        1,
        1,
        null,
        null,
        1,
        2,
        null,
        null,
        null
      ],
      "/Users/holgertidemand/Projects/BootCamp/week_one/ATM_pairPro/lib/account.rb": [
        1,
        1,
        1,
        1,
        null,
        1,
        1,
        1,
        1,
        null,
        1,
        13,
        13,
        13,
        13,
        13,
        null,
        null,
        1,
        13,
        null,
        null,
        1,
        13,
        null,
        null,
        1,
        null,
        null,
        null,
        1,
        null,
        null,
        1,
        null,
        1,
        13,
        null,
        null,
        1,
        1,
        null,
        null,
        null
      ],
      "/Users/holgertidemand/Projects/BootCamp/week_one/ATM_pairPro/lib/person.rb": [
        1,
        1,
        null,
        1,
        1,
        null,
        1,
        13,
        12,
        12,
        null,
        null,
        1,
        7,
        null,
        null,
        1,
        1,
        null,
        null,
        1,
        4,
        null,
        null,
        1,
        3,
        null,
        null,
        1,
        null,
        1,
        13,
        null,
        null,
        1,
        1,
        null,
        null,
        1,
        3,
        3,
        null,
        null,
        1,
        1,
        null,
        null,
        1,
        1,
        null,
        null,
        1,
        2,
        2,
        null,
        null
      ],
      "/Users/holgertidemand/Projects/BootCamp/week_one/ATM_pairPro/lib/atm.rb": [
        1,
        1,
        1,
        null,
        1,
        1,
        null,
        1,
        11,
        null,
        null,
        1,
        null,
        null,
        1,
        null,
        1,
        null,
        1,
        null,
        1,
        null,
        2,
        null,
        1,
        null,
        3,
        10,
        null,
        null,
        1,
        null,
        1,
        7,
        null,
        null,
        1,
        6,
        null,
        null,
        1,
        4,
        null,
        null,
        1,
        3,
        3,
        null,
        null,
        null,
        null,
        3,
        null,
        null,
        1,
        3,
        3,
        3,
        9,
        11,
        11,
        null,
        null,
        3,
        null,
        null,
        1,
        10,
        null,
        null,
        1,
        9,
        null,
        null,
        1,
        8,
        null,
        null
      ],
      "/Users/holgertidemand/Projects/BootCamp/week_one/ATM_pairPro/spec/atm_spec.rb": [
        1,
        1,
        null,
        1,
        10,
        null,
        null,
        null,
        1,
        9,
        9,
        null,
        null,
        1,
        1,
        null,
        null,
        1,
        1,
        1,
        null,
        null,
        1,
        1,
        null,
        null,
        null,
        null,
        null,
        null,
        1,
        null,
        null,
        1,
        1,
        null,
        null,
        null,
        null,
        1,
        null,
        null,
        1,
        1,
        null,
        null,
        1,
        null,
        null,
        1,
        1,
        1,
        null,
        null,
        null,
        null,
        1,
        null,
        null,
        1,
        1,
        null,
        null,
        null,
        null,
        1,
        null,
        null,
        1,
        1,
        1,
        null,
        null,
        null,
        null,
        1,
        null,
        null,
        1,
        1,
        1,
        null,
        null,
        null,
        null,
        1,
        null,
        null
      ],
      "/Users/holgertidemand/Projects/BootCamp/week_one/ATM_pairPro/spec/person_spec.rb": [
        1,
        1,
        null,
        1,
        13,
        null,
        1,
        1,
        null,
        null,
        1,
        2,
        null,
        null,
        1,
        1,
        null,
        null,
        1,
        1,
        1,
        null,
        null,
        1,
        1,
        null,
        null,
        1,
        null,
        null,
        null,
        3,
        1,
        1,
        null,
        null,
        1,
        1,
        null,
        null,
        null,
        1,
        1,
        null,
        null,
        null,
        2,
        1,
        1,
        null,
        null,
        null,
        1,
        null,
        null,
        null,
        1,
        2,
        null,
        null,
        null,
        1,
        3,
        5,
        1,
        1,
        1,
        1,
        1,
        null,
        null,
        1,
        1,
        1,
        null,
        null,
        null,
        1,
        null,
        null,
        1,
        1,
        1,
        null,
        null,
        2,
        null,
        null,
        1,
        1,
        1,
        1,
        null,
        null,
        null,
        1,
        1,
        null,
        null,
        null
      ]
    },
    "timestamp": 1516958743
  }
}
